     1                                  ; function2.asm
     2                                  extern printf
     3                                  section .data
     4 00000000 0000000000002440            radius      dq      10.0
     5                                      
     6                                  section .bss
     7                                  section .text
     8                                  area:
     9                                      section .data
    10 00000008 50455254FB210940                .pi     dq      3.141592654             ; local to area
    11                                      
    12                                      section .text
    13 00000000 55                              push    rbp
    14 00000001 4889E5                          mov     rbp, rsp
    15                                  
    16 00000004 F20F100425-                     movsd   xmm0, [radius]
    16 00000009 [00000000]         
    17 0000000D F20F100425-                     movsd   xmm0, [radius]
    17 00000012 [00000000]         
    18 00000016 F20F100425-                     movsd   xmm0, [.pi]
    18 0000001B [08000000]         
    19                                  
    20 0000001F C9                              leave
    21 00000020 C3                              ret
    22                                  circum:
    23                                      section .data
    24 00000010 50455254FB210940                .pi     dq      3.141592654             ; local to circum
    25                                      
    26                                      section .text
    27 00000021 55                              push    rbp
    28 00000022 4889E5                          mov     rbp, rsp
    29                                  
    30 00000025 F20F100425-                     movsd   xmm0, [radius]
    30 0000002A [00000000]         
    31 0000002E F20F580425-                     addsd   xmm0, [radius]
    31 00000033 [00000000]         
    32 00000037 F20F590425-                     mulsd   xmm0, [.pi]
    32 0000003C [10000000]         
    33                                  
    34 00000040 C9                              leave
    35 00000041 C3                              ret
    36                                  
    37                                  circle:
    38                                      section .data
    39 00000018 546865206172656120-             .fmt_area       db      "The area is %f", 10, 0
    39 00000021 69732025660A00     
    40 00000028 546865206369726375-             .fmt_circum     db      "The circumference is %f", 10, 0
    40 00000031 6D666572656E636520-
    40 0000003A 69732025660A00     
    41                                  
    42                                      section .text
    43 00000042 55                              push    rbp
    44 00000043 4889E5                          mov     rbp, rsp
    45                                  
    46 00000046 E8B5FFFFFF                      call area
    47 0000004B 48BF-                           mov     rdi, .fmt_area
    47 0000004D [1800000000000000] 
    48 00000055 B801000000                      mov     rax, 1                          ; area in xmm0
    49 0000005A E8(00000000)                    call printf
    50 0000005F E8BDFFFFFF                      call circum
    51 00000064 48BF-                           mov     rdi, .fmt_circum
    51 00000066 [2800000000000000] 
    52 0000006E B801000000                      mov     rax, 1                          ; circumference in xmm0
    53 00000073 E8(00000000)                    call printf
    54                                  
    55 00000078 C9                              leave
    56 00000079 C3                              ret
    57                                  
    58                                      global main
    59                                  main:
    60 0000007A 55                          push    rbp
    61 0000007B 4889E5                      mov     rbp, rsp
    62                                  
    63 0000007E E8BFFFFFFF                  call circle               
    64                                      
    65 00000083 C9                          leave
    66 00000084 C3                          ret
