     1                                  ; hello3.asm
     2                                  
     3                                  section .data
     4 00000000 68656C6C6F2C20776F-         msg     db      "hello, world", 10, 0
     4 00000009 726C640A00         
     5                                  
     6                                  section .bss
     7                                  
     8                                  section .text
     9                                      global main
    10                                  
    11                                  main:
    12 00000000 B801000000                  mov     rax, 1      ; 1 = write
    13 00000005 BF01000000                  mov     rdi, 1      ; 1 = to stdout
    14 0000000A 48BE-                       mov     rsi, msg    ; string to display in rsi
    14 0000000C [0000000000000000] 
    15 00000014 BA0D000000                  mov     rdx, 13     ; length of the string, without 0
    16 00000019 0F05                        syscall
    17 0000001B B83C000000                  mov     rax, 60     ; 60 = exit
    18 00000020 BF00000000                  mov     rdi, 0      ; 0 = success exit code
    19 00000025 0F05                        syscall             ; quit
