     1                                 %line 1+1 c3e1.asm
     2                                 [segment .data]
     3 00000000 0000000000000000<rept>       a times 10 dq 0
     4 00000050 68656C6C6F20776F72-    b db "hello world", 0
     5 00000050 6C6400             
     6                                 
     7                                 [segment .bss]
     8 00000000 0000<rept>             c times 5 dw 0
     9                                 
    10                                 [segment .text]
    11                                 [global main]
    12                                 main:
    13 00000000 55                      push rbp
    14 00000001 4889E5                  mov rbp, rsp
    15 00000004 4883EC10                sub rsp, 16
    16                                 
    17 00000008 31C0                    xor eax, eax
    18 0000000A C9                      leave
    19 0000000B C3                      ret
    20                                 
    21                                 
    22                                 
    23                                 
    24                                 
    25                                 
    26                                 
    27                                 
    28                                 
    29                                 
