     1                                 %line 1+1 c6e1.asm
     2                                 [section .data]
     3 00000000 0100000002000000       point1 dd 1, 2
     4 00000008 0400000006000000       point2 dd 4, 6
     5                                 
     6                                 [section .text]
     7                                 [global main]
     8                                 
     9                                 main:
    10                                 
    11 00000000 8B0425[00000000]        mov eax, [point1]
    12 00000007 8B1C25[04000000]        mov ebx, [point1+4]
    13                                 
    14                                 
    15 0000000E 8B0C25[00000000]        mov ecx, [point2]
    16 00000015 8B1425[04000000]        mov edx, [point2+4]
    17                                 
    18                                 
    19 0000001C 29C8                    sub eax, ecx
    20                                 
    21                                 
    22 0000001E 0FAFC0                  imul eax, eax
    23                                 
    24                                 
    25 00000021 29D3                    sub ebx, edx
    26                                 
    27                                 
    28 00000023 0FAFDB                  imul ebx, ebx
    29                                 
    30                                 
    31 00000026 01D8                    add eax, ebx
    32                                 
    33                                 
    34 00000028 890425[00000000]        mov dword [result], eax
    35                                 
    36                                 
    37 0000002F B801000000              mov eax, 1
    38 00000034 31DB                    xor ebx, ebx
    39 00000036 CD80                    int 0x80
    40                                 
    41                                 [section .bss]
    42 00000000 <gap>                  result resd 1
