     1                                  ; hello2.asm
     2                                  
     3                                  section .data
     4 00000000 68656C6C6F2C20776F-         msg     db      "hello, world", 0
     4 00000009 726C6400           
     5 0000000D 0A                          NL      db      0xa     ; ascii code for new line
     6                                  
     7                                  section .bss
     8                                  
     9                                  section .text
    10                                      global main
    11                                  
    12                                  main:
    13 00000000 B801000000                  mov     rax, 1      ; 1 = write
    14 00000005 BF01000000                  mov     rdi, 1      ; 1 = to stdout
    15 0000000A 48BE-                       mov     rsi, msg    ; string to display in rsi
    15 0000000C [0000000000000000] 
    16 00000014 BA0C000000                  mov     rdx, 12     ; length of the string, without 0
    17 00000019 0F05                        syscall
    18 0000001B B801000000                  mov     rax, 1      ; 1 = write
    19 00000020 BF01000000                  mov     rdi, 1      ; 1 = to stdout
    20 00000025 48BE-                       mov     rsi, NL     ; display new line
    20 00000027 [0D00000000000000] 
    21 0000002F BA01000000                  mov     rdx, 1      ; length of the string
    22 00000034 0F05                        syscall
    23 00000036 B83C000000                  mov     rax, 60     ; 60 = exit
    24 0000003B BF00000000                  mov     rdi, 0      ; 0 = success exit code
    25 00000040 0F05                        syscall             ; quit
